   1              	# 1 "..\\src\\init.S"
   1              	/*
   0              	
   2              	
   0              	
   3              		This is the first assembly code written for cortex M3 mcu
   4              	
   5              	
   6              	*/
   7              	
   8              	
   9              	/* Set to thumb mode instructions*/
  10              		.thumb
  11              		.syntax	unified
  12              		.global _start
  13              		.extern main
  14              		.text
  15              		.equ	STACKINIT,	0x10000000
  16              	
  17              	
  18              	
  19              	
  20              	/*	.org	0
  21              	*/
  22              	/*Vectors*/
  23 0000 00000010 		.word	STACKINIT
  24 0004 01000000 		.word	_start+1
  25 0008 17000000 		.word	_nmi_handler+1
  26              	
  27              	
  28              	_start:
  29 000c 4FF01001 		mov	r1, 0x10
  30 0010 0860     		str	r0, [r1]
  31 0012 FFF7FEFF 		bl	main
  32              	
  33              	_nmi_handler:
  34 0016 4FF02001 		mov	r1, 0x20
  35 001a 0860     		str	r0, [r1]
  36 001c FFF7FBFF 		bl	_nmi_handler
DEFINED SYMBOLS
       ..\src\init.S:28     .text:0000000c _start
       ..\src\init.S:15     *ABS*:10000000 STACKINIT
       ..\src\init.S:33     .text:00000016 _nmi_handler
                            .text:00000000 $d
       ..\src\init.S:29     .text:0000000c $t
                   .debug_aranges:0000000c $d

UNDEFINED SYMBOLS
main
