   1              		.syntax unified
   2              		.cpu cortex-m3
   3              		.fpu softvfp
   4              		.eabi_attribute 20, 1
   5              		.eabi_attribute 21, 1
   6              		.eabi_attribute 23, 3
   7              		.eabi_attribute 24, 1
   8              		.eabi_attribute 25, 1
   9              		.eabi_attribute 26, 1
  10              		.eabi_attribute 30, 4
  11              		.eabi_attribute 34, 1
  12              		.eabi_attribute 18, 4
  13              		.thumb
  14              		.file	"armos.c"
  15              		.section	.text.startup.main,"ax",%progbits
  16              		.align	1
  17              		.global	main
  18              		.thumb
  19              		.thumb_func
  21              	main:
  22              		@ args = 0, pretend = 0, frame = 0
  23              		@ frame_needed = 0, uses_anonymous_args = 0
  24              		@ link register save eliminated.
  25              	.L2:
  26 0000 FEE7     		b	.L2
  28              		.ident	"GCC: (Sourcery CodeBench Lite 2013.05-23) 4.7.3"
DEFINED SYMBOLS
                            *ABS*:00000000 armos.c
C:\Users\Dove\AppData\Local\Temp\ccR74yE0.s:16     .text.startup.main:00000000 $t
C:\Users\Dove\AppData\Local\Temp\ccR74yE0.s:21     .text.startup.main:00000000 main

NO UNDEFINED SYMBOLS
